2026-03-06 22:49:52,296 [INFO] ⚙️ 設定ファイル 'settings.yml' を読み込みました。
2026-03-06 22:49:52,296 [INFO] === 自動取引エンジン起動 (モード: DAY) ===
2026-03-06 22:49:52,300 [ERROR] API Request Exception (token): Cannot connect to host localhost:18081 ssl:default [Multiple exceptions: [Errno 61] Connect call failed ('::1', 18081, 0, 0), [Errno 61] Connect call failed ('127.0.0.1', 18081)]
2026-03-06 22:49:52,300 [ERROR] ❌ トークン取得失敗
2026-03-06 23:08:58,588 [INFO] === auto_trade.py dry-run 開始 ===
2026-03-06 23:08:58,589 [INFO] dry-run では API セッション開始・トークン取得・板取得・注文・positions 取得を行いません。
2026-03-06 23:08:58,590 [INFO] ⚙️ 設定ファイル 'settings.yml' を読み込みました。
2026-03-06 23:08:58,590 [INFO] ⚙️ 設定ファイル 'settings.local.yml' を読み込みました。
2026-03-06 23:08:58,592 [INFO] 設定読込: settings=settings.yml, local=settings.local.yml
2026-03-06 23:08:58,593 [INFO] 選択環境: SIM (IS_PRODUCTION=False)
2026-03-06 23:08:58,593 [INFO] API URL: http://localhost:18081/kabusapi
2026-03-06 23:08:58,593 [INFO] 選択APIパスワードキー: API_PASSWORD_SIM
2026-03-06 23:08:58,594 [INFO] アプリログ: logs/auto_trade_20260306.log
2026-03-06 23:08:58,594 [INFO] 約定ログ: trade_execution_log_SIM.csv
2026-03-06 23:08:58,594 [INFO] 注文状態ログ: order_status_log_SIM.csv
2026-03-06 23:08:58,595 [INFO] recommendations.csv: recommendations.csv
2026-03-06 23:08:58,595 [INFO] daily_health_log.csv: daily_health_log.csv
2026-03-06 23:08:58,595 [INFO] breaker: enabled=True ticker=1306.T ret_threshold=-0.015 ma_days=5
2026-03-06 23:08:58,596 [INFO] 初期化済みコンポーネント: KabuAPI, MarketData, ExecutionLogger, PortfolioManager, TradingEngine, TradingState
2026-03-06 23:08:58,596 [WARNING] dry-run 警告: API_PASSWORD_SIM がプレースホルダー値の可能性があります。
2026-03-06 23:08:58,597 [WARNING] dry-run 警告: TRADE_PASSWORD がプレースホルダー値の可能性があります。
2026-03-06 23:08:58,597 [INFO] dry-run 成功: API 通信なしで設定読込と主要コンポーネント初期化を確認しました。
2026-03-06 23:10:18,866 [INFO] ⚙️ 設定ファイル 'settings.yml' を読み込みました。
2026-03-06 23:10:18,867 [INFO] ⚙️ 設定ファイル 'settings.local.yml' を読み込みました。
2026-03-06 23:10:18,867 [INFO] === 自動取引エンジン起動 (モード: DAY) ===
2026-03-06 23:10:18,872 [ERROR] API Request Exception (token): Cannot connect to host localhost:18081 ssl:default [Multiple exceptions: [Errno 61] Connect call failed ('::1', 18081, 0, 0), [Errno 61] Connect call failed ('127.0.0.1', 18081)]
2026-03-06 23:10:18,872 [ERROR] ❌ トークン取得失敗
2026-03-06 23:10:39,823 [INFO] === auto_trade.py dry-run 開始 ===
2026-03-06 23:10:39,824 [INFO] dry-run では API セッション開始・トークン取得・板取得・注文・positions 取得を行いません。
2026-03-06 23:10:39,825 [INFO] ⚙️ 設定ファイル 'settings.yml' を読み込みました。
2026-03-06 23:10:39,826 [INFO] ⚙️ 設定ファイル 'settings.local.yml' を読み込みました。
2026-03-06 23:10:39,826 [INFO] 設定読込: settings=settings.yml, local=settings.local.yml
2026-03-06 23:10:39,826 [INFO] 選択環境: SIM (IS_PRODUCTION=False)
2026-03-06 23:10:39,826 [INFO] API URL: http://localhost:18081/kabusapi
2026-03-06 23:10:39,826 [INFO] 選択APIパスワードキー: API_PASSWORD_SIM
2026-03-06 23:10:39,826 [INFO] アプリログ: logs/auto_trade_20260306.log
2026-03-06 23:10:39,826 [INFO] 約定ログ: trade_execution_log_SIM.csv
2026-03-06 23:10:39,826 [INFO] 注文状態ログ: order_status_log_SIM.csv
2026-03-06 23:10:39,826 [INFO] recommendations.csv: recommendations.csv
2026-03-06 23:10:39,826 [INFO] daily_health_log.csv: daily_health_log.csv
2026-03-06 23:10:39,826 [INFO] breaker: enabled=True ticker=1306.T ret_threshold=-0.015 ma_days=5
2026-03-06 23:10:39,826 [INFO] 初期化済みコンポーネント: KabuAPI, MarketData, ExecutionLogger, PortfolioManager, TradingEngine, TradingState
2026-03-06 23:10:39,826 [WARNING] dry-run 警告: API_PASSWORD_SIM がプレースホルダー値の可能性があります。
2026-03-06 23:10:39,826 [WARNING] dry-run 警告: TRADE_PASSWORD がプレースホルダー値の可能性があります。
2026-03-06 23:10:39,826 [INFO] dry-run 成功: API 通信なしで設定読込と主要コンポーネント初期化を確認しました。
